# JRE version: Java(TM) SE Runtime Environment (13.0.2+8) (build 13.0.2+8)
# Java VM: Java HotSpot(TM) 64-Bit Server VM (13.0.2+8, mixed mode, sharing, tiered, compressed oops, g1 gc, windows-amd64)
Heap:
 garbage-first heap   total 84992K, used 42032K [0x0000000081c00000, 0x0000000100000000)
  region size 1024K, 12 young (12288K), 1 survivors (1024K)
 Metaspace       used 61230K, capacity 62981K, committed 63148K, reserved 1103872K
  class space    used 8243K, capacity 8906K, committed 8960K, reserved 1048576K
GC Heap History (20 events):
Event: 2166.627 GC heap before
{Heap before GC invocations=445 (full 0):
 garbage-first heap   total 84992K, used 71726K [0x0000000081c00000, 0x0000000100000000)
  region size 1024K, 41 young (41984K), 1 survivors (1024K)
 Metaspace       used 61230K, capacity 62981K, committed 63148K, reserved 1103872K
  class space    used 8243K, capacity 8906K, committed 8960K, reserved 1048576K
}
Event: 2166.628 GC heap after
{Heap after GC invocations=446 (full 0):
 garbage-first heap   total 84992K, used 31776K [0x0000000081c00000, 0x0000000100000000)
  region size 1024K, 1 young (1024K), 1 survivors (1024K)
 Metaspace       used 61230K, capacity 62981K, committed 63148K, reserved 1103872K
  class space    used 8243K, capacity 8906K, committed 8960K, reserved 1048576K
}
Event: 2168.645 GC heap before
{Heap before GC invocations=446 (full 0):
 garbage-first heap   total 84992K, used 71712K [0x0000000081c00000, 0x0000000100000000)
  region size 1024K, 41 young (41984K), 1 survivors (1024K)
 Metaspace       used 61230K, capacity 62981K, committed 63148K, reserved 1103872K
  class space    used 8243K, capacity 8906K, committed 8960K, reserved 1048576K
}
Event: 2168.645 GC heap after
{Heap after GC invocations=447 (full 0):
 garbage-first heap   total 84992K, used 31822K [0x0000000081c00000, 0x0000000100000000)
  region size 1024K, 1 young (1024K), 1 survivors (1024K)
 Metaspace       used 61230K, capacity 62981K, committed 63148K, reserved 1103872K
  class space    used 8243K, capacity 8906K, committed 8960K, reserved 1048576K
}
Event: 2170.702 GC heap before
{Heap before GC invocations=447 (full 0):
 garbage-first heap   total 84992K, used 71758K [0x0000000081c00000, 0x0000000100000000)
  region size 1024K, 41 young (41984K), 1 survivors (1024K)
 Metaspace       used 61230K, capacity 62981K, committed 63148K, reserved 1103872K
  class space    used 8243K, capacity 8906K, committed 8960K, reserved 1048576K
}
Event: 2170.702 GC heap after
{Heap after GC invocations=448 (full 0):
 garbage-first heap   total 84992K, used 31776K [0x0000000081c00000, 0x0000000100000000)
  region size 1024K, 1 young (1024K), 1 survivors (1024K)
 Metaspace       used 61230K, capacity 62981K, committed 63148K, reserved 1103872K
  class space    used 8243K, capacity 8906K, committed 8960K, reserved 1048576K
}
Event: 2172.926 GC heap before
{Heap before GC invocations=448 (full 0):
 garbage-first heap   total 84992K, used 71712K [0x0000000081c00000, 0x0000000100000000)
  region size 1024K, 41 young (41984K), 1 survivors (1024K)
 Metaspace       used 61230K, capacity 62981K, committed 63148K, reserved 1103872K
  class space    used 8243K, capacity 8906K, committed 8960K, reserved 1048576K
}
Event: 2172.926 GC heap after
{Heap after GC invocations=449 (full 0):
 garbage-first heap   total 84992K, used 31788K [0x0000000081c00000, 0x0000000100000000)
  region size 1024K, 1 young (1024K), 1 survivors (1024K)
 Metaspace       used 61230K, capacity 62981K, committed 63148K, reserved 1103872K
  class space    used 8243K, capacity 8906K, committed 8960K, reserved 1048576K
}
Event: 2175.167 GC heap before
{Heap before GC invocations=449 (full 0):
 garbage-first heap   total 84992K, used 72748K [0x0000000081c00000, 0x0000000100000000)
  region size 1024K, 41 young (41984K), 1 survivors (1024K)
 Metaspace       used 61230K, capacity 62981K, committed 63148K, reserved 1103872K
  class space    used 8243K, capacity 8906K, committed 8960K, reserved 1048576K
}
Event: 2175.168 GC heap after
{Heap after GC invocations=450 (full 0):
 garbage-first heap   total 84992K, used 31824K [0x0000000081c00000, 0x0000000100000000)
  region size 1024K, 1 young (1024K), 1 survivors (1024K)
 Metaspace       used 61230K, capacity 62981K, committed 63148K, reserved 1103872K
  class space    used 8243K, capacity 8906K, committed 8960K, reserved 1048576K
}
Event: 2177.393 GC heap before
{Heap before GC invocations=450 (full 0):
 garbage-first heap   total 84992K, used 71760K [0x0000000081c00000, 0x0000000100000000)
  region size 1024K, 41 young (41984K), 1 survivors (1024K)
 Metaspace       used 61230K, capacity 62981K, committed 63148K, reserved 1103872K
  class space    used 8243K, capacity 8906K, committed 8960K, reserved 1048576K
}
Event: 2177.394 GC heap after
{Heap after GC invocations=451 (full 0):
 garbage-first heap   total 84992K, used 31798K [0x0000000081c00000, 0x0000000100000000)
  region size 1024K, 1 young (1024K), 1 survivors (1024K)
 Metaspace       used 61230K, capacity 62981K, committed 63148K, reserved 1103872K
  class space    used 8243K, capacity 8906K, committed 8960K, reserved 1048576K
}
Event: 2179.468 GC heap before
{Heap before GC invocations=451 (full 0):
 garbage-first heap   total 84992K, used 72758K [0x0000000081c00000, 0x0000000100000000)
  region size 1024K, 41 young (41984K), 1 survivors (1024K)
 Metaspace       used 61230K, capacity 62981K, committed 63148K, reserved 1103872K
  class space    used 8243K, capacity 8906K, committed 8960K, reserved 1048576K
}
Event: 2179.468 GC heap after
{Heap after GC invocations=452 (full 0):
 garbage-first heap   total 84992K, used 31782K [0x0000000081c00000, 0x0000000100000000)
  region size 1024K, 1 young (1024K), 1 survivors (1024K)
 Metaspace       used 61230K, capacity 62981K, committed 63148K, reserved 1103872K
  class space    used 8243K, capacity 8906K, committed 8960K, reserved 1048576K
}
Event: 2181.539 GC heap before
{Heap before GC invocations=452 (full 0):
 garbage-first heap   total 84992K, used 72742K [0x0000000081c00000, 0x0000000100000000)
  region size 1024K, 41 young (41984K), 1 survivors (1024K)
 Metaspace       used 61230K, capacity 62981K, committed 63148K, reserved 1103872K
  class space    used 8243K, capacity 8906K, committed 8960K, reserved 1048576K
}
Event: 2181.539 GC heap after
{Heap after GC invocations=453 (full 0):
 garbage-first heap   total 84992K, used 31816K [0x0000000081c00000, 0x0000000100000000)
  region size 1024K, 1 young (1024K), 1 survivors (1024K)
 Metaspace       used 61230K, capacity 62981K, committed 63148K, reserved 1103872K
  class space    used 8243K, capacity 8906K, committed 8960K, reserved 1048576K
}
Event: 2183.435 GC heap before
{Heap before GC invocations=453 (full 0):
 garbage-first heap   total 84992K, used 71752K [0x0000000081c00000, 0x0000000100000000)
  region size 1024K, 41 young (41984K), 1 survivors (1024K)
 Metaspace       used 61230K, capacity 62981K, committed 63148K, reserved 1103872K
  class space    used 8243K, capacity 8906K, committed 8960K, reserved 1048576K
}
Event: 2183.436 GC heap after
{Heap after GC invocations=454 (full 0):
 garbage-first heap   total 84992K, used 31804K [0x0000000081c00000, 0x0000000100000000)
  region size 1024K, 1 young (1024K), 1 survivors (1024K)
 Metaspace       used 61230K, capacity 62981K, committed 63148K, reserved 1103872K
  class space    used 8243K, capacity 8906K, committed 8960K, reserved 1048576K
}
Event: 2193.868 GC heap before
{Heap before GC invocations=454 (full 0):
 garbage-first heap   total 84992K, used 72764K [0x0000000081c00000, 0x0000000100000000)
  region size 1024K, 41 young (41984K), 1 survivors (1024K)
 Metaspace       used 61230K, capacity 62981K, committed 63148K, reserved 1103872K
  class space    used 8243K, capacity 8906K, committed 8960K, reserved 1048576K
}
Event: 2193.869 GC heap after
{Heap after GC invocations=455 (full 0):
 garbage-first heap   total 84992K, used 31792K [0x0000000081c00000, 0x0000000100000000)
  region size 1024K, 1 young (1024K), 1 survivors (1024K)
 Metaspace       used 61230K, capacity 62981K, committed 63148K, reserved 1103872K
  class space    used 8243K, capacity 8906K, committed 8960K, reserved 1048576K
}

